2021-05-12 00:37:31,790 [main]                [34mINFO [0;39m DeviceChooserApplication - Starting application
 [DeviceChooserApplication.java:44]2021-05-12 00:37:31,928 [main]                [1;31mERROR[0;39m SwingApplication - NullPointerException
 [SwingApplication.java:46]java.lang.NullPointerException: Cannot invoke "java.nio.channels.Selector.wakeup()" because "this.mSelector" is null
	at com.android.ddmlib.MonitorThread.wakeup(MonitorThread.java:453)
	at com.android.ddmlib.MonitorThread.quit(MonitorThread.java:461)
	at com.android.ddmlib.AndroidDebugBridge.terminate(AndroidDebugBridge.java:299)
	at AndroidDebugBridgeWrapper.stop(AndroidDebugBridgeWrapper.java:38)
	at DeviceChooserApplication.stop(DeviceChooserApplication.java:39)
	at AppModule.iDevice(AppModule.java:29)
	at com.github.xsavikx.androidscreencast.dagger.AppModule_IDeviceFactory.iDevice(AppModule_IDeviceFactory.java:36)
	at com.github.xsavikx.androidscreencast.dagger.AppModule_IDeviceFactory.get(AppModule_IDeviceFactory.java:27)
	at com.github.xsavikx.androidscreencast.dagger.AppModule_IDeviceFactory.get(AppModule_IDeviceFactory.java:10)
	at dagger.internal.DoubleCheck.get(DoubleCheck.java:47)
	at com.github.xsavikx.androidscreencast.api.injector.ScreenCaptureRunnable_Factory.get(ScreenCaptureRunnable_Factory.java:29)
	at com.github.xsavikx.androidscreencast.api.injector.ScreenCaptureRunnable_Factory.get(ScreenCaptureRunnable_Factory.java:8)
	at dagger.internal.DoubleCheck.get(DoubleCheck.java:47)
	at com.github.xsavikx.androidscreencast.api.injector.Injector_Factory.get(Injector_Factory.java:24)
	at com.github.xsavikx.androidscreencast.api.injector.Injector_Factory.get(Injector_Factory.java:7)
	at dagger.internal.DoubleCheck.get(DoubleCheck.java:47)
	at com.github.xsavikx.androidscreencast.app.AndroidScreencastApplication_Factory.get(AndroidScreencastApplication_Factory.java:44)
	at com.github.xsavikx.androidscreencast.app.AndroidScreencastApplication_Factory.get(AndroidScreencastApplication_Factory.java:12)
	at dagger.internal.DoubleCheck.get(DoubleCheck.java:47)
	at com.github.xsavikx.androidscreencast.dagger.AppModule_ApplicationFactory.get(AppModule_ApplicationFactory.java:27)
	at com.github.xsavikx.androidscreencast.dagger.AppModule_ApplicationFactory.get(AppModule_ApplicationFactory.java:10)
	at dagger.internal.DoubleCheck.get(DoubleCheck.java:47)
	at com.github.xsavikx.androidscreencast.dagger.DaggerMainComponent.application(DaggerMainComponent.java:164)
	at Main.main(Main.java:19)
2021-05-12 00:38:23,458 [main]                [34mINFO [0;39m DeviceChooserApplication - Starting application
 [DeviceChooserApplication.java:44]2021-05-12 00:38:23,561 [main]                [1;31mERROR[0;39m SwingApplication - NullPointerException
 [SwingApplication.java:46]java.lang.NullPointerException: Cannot invoke "java.nio.channels.Selector.wakeup()" because "this.mSelector" is null
	at com.android.ddmlib.MonitorThread.wakeup(MonitorThread.java:453)
	at com.android.ddmlib.MonitorThread.quit(MonitorThread.java:461)
	at com.android.ddmlib.AndroidDebugBridge.terminate(AndroidDebugBridge.java:299)
	at AndroidDebugBridgeWrapper.stop(AndroidDebugBridgeWrapper.java:38)
	at DeviceChooserApplication.stop(DeviceChooserApplication.java:39)
	at AppModule.iDevice(AppModule.java:29)
	at com.github.xsavikx.androidscreencast.dagger.AppModule_IDeviceFactory.iDevice(AppModule_IDeviceFactory.java:36)
	at com.github.xsavikx.androidscreencast.dagger.AppModule_IDeviceFactory.get(AppModule_IDeviceFactory.java:27)
	at com.github.xsavikx.androidscreencast.dagger.AppModule_IDeviceFactory.get(AppModule_IDeviceFactory.java:10)
	at dagger.internal.DoubleCheck.get(DoubleCheck.java:47)
	at com.github.xsavikx.androidscreencast.api.injector.ScreenCaptureRunnable_Factory.get(ScreenCaptureRunnable_Factory.java:29)
	at com.github.xsavikx.androidscreencast.api.injector.ScreenCaptureRunnable_Factory.get(ScreenCaptureRunnable_Factory.java:8)
	at dagger.internal.DoubleCheck.get(DoubleCheck.java:47)
	at com.github.xsavikx.androidscreencast.api.injector.Injector_Factory.get(Injector_Factory.java:24)
	at com.github.xsavikx.androidscreencast.api.injector.Injector_Factory.get(Injector_Factory.java:7)
	at dagger.internal.DoubleCheck.get(DoubleCheck.java:47)
	at com.github.xsavikx.androidscreencast.app.AndroidScreencastApplication_Factory.get(AndroidScreencastApplication_Factory.java:44)
	at com.github.xsavikx.androidscreencast.app.AndroidScreencastApplication_Factory.get(AndroidScreencastApplication_Factory.java:12)
	at dagger.internal.DoubleCheck.get(DoubleCheck.java:47)
	at com.github.xsavikx.androidscreencast.dagger.AppModule_ApplicationFactory.get(AppModule_ApplicationFactory.java:27)
	at com.github.xsavikx.androidscreencast.dagger.AppModule_ApplicationFactory.get(AppModule_ApplicationFactory.java:10)
	at dagger.internal.DoubleCheck.get(DoubleCheck.java:47)
	at com.github.xsavikx.androidscreencast.dagger.DaggerMainComponent.application(DaggerMainComponent.java:164)
	at Main.main(Main.java:19)
2021-05-12 00:40:37,249 [main]                [34mINFO [0;39m DeviceChooserApplication - Starting application
 [DeviceChooserApplication.java:44]2021-05-12 00:40:37,329 [main]                [1;31mERROR[0;39m SwingApplication - NullPointerException
 [SwingApplication.java:46]java.lang.NullPointerException: Cannot invoke "java.nio.channels.Selector.wakeup()" because "this.mSelector" is null
	at com.android.ddmlib.MonitorThread.wakeup(MonitorThread.java:453)
	at com.android.ddmlib.MonitorThread.quit(MonitorThread.java:461)
	at com.android.ddmlib.AndroidDebugBridge.terminate(AndroidDebugBridge.java:299)
	at AndroidDebugBridgeWrapper.stop(AndroidDebugBridgeWrapper.java:38)
	at DeviceChooserApplication.stop(DeviceChooserApplication.java:39)
	at AppModule.iDevice(AppModule.java:29)
	at com.github.xsavikx.androidscreencast.dagger.AppModule_IDeviceFactory.iDevice(AppModule_IDeviceFactory.java:36)
	at com.github.xsavikx.androidscreencast.dagger.AppModule_IDeviceFactory.get(AppModule_IDeviceFactory.java:27)
	at com.github.xsavikx.androidscreencast.dagger.AppModule_IDeviceFactory.get(AppModule_IDeviceFactory.java:10)
	at dagger.internal.DoubleCheck.get(DoubleCheck.java:47)
	at com.github.xsavikx.androidscreencast.api.injector.ScreenCaptureRunnable_Factory.get(ScreenCaptureRunnable_Factory.java:29)
	at com.github.xsavikx.androidscreencast.api.injector.ScreenCaptureRunnable_Factory.get(ScreenCaptureRunnable_Factory.java:8)
	at dagger.internal.DoubleCheck.get(DoubleCheck.java:47)
	at com.github.xsavikx.androidscreencast.api.injector.Injector_Factory.get(Injector_Factory.java:24)
	at com.github.xsavikx.androidscreencast.api.injector.Injector_Factory.get(Injector_Factory.java:7)
	at dagger.internal.DoubleCheck.get(DoubleCheck.java:47)
	at com.github.xsavikx.androidscreencast.app.AndroidScreencastApplication_Factory.get(AndroidScreencastApplication_Factory.java:44)
	at com.github.xsavikx.androidscreencast.app.AndroidScreencastApplication_Factory.get(AndroidScreencastApplication_Factory.java:12)
	at dagger.internal.DoubleCheck.get(DoubleCheck.java:47)
	at com.github.xsavikx.androidscreencast.dagger.AppModule_ApplicationFactory.get(AppModule_ApplicationFactory.java:27)
	at com.github.xsavikx.androidscreencast.dagger.AppModule_ApplicationFactory.get(AppModule_ApplicationFactory.java:10)
	at dagger.internal.DoubleCheck.get(DoubleCheck.java:47)
	at com.github.xsavikx.androidscreencast.dagger.DaggerMainComponent.application(DaggerMainComponent.java:164)
	at Main.main(Main.java:19)
2021-05-12 00:42:12,486 [main]                [34mINFO [0;39m DeviceChooserApplication - Starting application
 [DeviceChooserApplication.java:44]2021-05-12 00:42:12,567 [main]                [1;31mERROR[0;39m SwingApplication - NullPointerException
 [SwingApplication.java:46]java.lang.NullPointerException: Cannot invoke "java.nio.channels.Selector.wakeup()" because "this.mSelector" is null
	at com.android.ddmlib.MonitorThread.wakeup(MonitorThread.java:453)
	at com.android.ddmlib.MonitorThread.quit(MonitorThread.java:461)
	at com.android.ddmlib.AndroidDebugBridge.terminate(AndroidDebugBridge.java:299)
	at AndroidDebugBridgeWrapper.stop(AndroidDebugBridgeWrapper.java:38)
	at DeviceChooserApplication.stop(DeviceChooserApplication.java:39)
	at AppModule.iDevice(AppModule.java:29)
	at com.github.xsavikx.androidscreencast.dagger.AppModule_IDeviceFactory.iDevice(AppModule_IDeviceFactory.java:36)
	at com.github.xsavikx.androidscreencast.dagger.AppModule_IDeviceFactory.get(AppModule_IDeviceFactory.java:27)
	at com.github.xsavikx.androidscreencast.dagger.AppModule_IDeviceFactory.get(AppModule_IDeviceFactory.java:10)
	at dagger.internal.DoubleCheck.get(DoubleCheck.java:47)
	at com.github.xsavikx.androidscreencast.api.injector.ScreenCaptureRunnable_Factory.get(ScreenCaptureRunnable_Factory.java:29)
	at com.github.xsavikx.androidscreencast.api.injector.ScreenCaptureRunnable_Factory.get(ScreenCaptureRunnable_Factory.java:8)
	at dagger.internal.DoubleCheck.get(DoubleCheck.java:47)
	at com.github.xsavikx.androidscreencast.api.injector.Injector_Factory.get(Injector_Factory.java:24)
	at com.github.xsavikx.androidscreencast.api.injector.Injector_Factory.get(Injector_Factory.java:7)
	at dagger.internal.DoubleCheck.get(DoubleCheck.java:47)
	at com.github.xsavikx.androidscreencast.app.AndroidScreencastApplication_Factory.get(AndroidScreencastApplication_Factory.java:44)
	at com.github.xsavikx.androidscreencast.app.AndroidScreencastApplication_Factory.get(AndroidScreencastApplication_Factory.java:12)
	at dagger.internal.DoubleCheck.get(DoubleCheck.java:47)
	at com.github.xsavikx.androidscreencast.dagger.AppModule_ApplicationFactory.get(AppModule_ApplicationFactory.java:27)
	at com.github.xsavikx.androidscreencast.dagger.AppModule_ApplicationFactory.get(AppModule_ApplicationFactory.java:10)
	at dagger.internal.DoubleCheck.get(DoubleCheck.java:47)
	at com.github.xsavikx.androidscreencast.dagger.DaggerMainComponent.application(DaggerMainComponent.java:164)
	at Main.main(Main.java:19)
